# JRE version: OpenJDK Runtime Environment (8.0_242-b01) (build 1.8.0_242-release-1644-b01)
# Java VM: OpenJDK 64-Bit Server VM (25.242-b01 mixed mode windows-amd64 compressed oops)
Heap:
 PSYoungGen      total 412160K, used 360960K [0x00000000d5580000, 0x00000000f4400000, 0x0000000100000000)
  eden space 360960K, 100% used [0x00000000d5580000,0x00000000eb600000,0x00000000eb600000)
  from space 51200K, 0% used [0x00000000eb600000,0x00000000eb600000,0x00000000ee800000)
  to   space 49664K, 69% used [0x00000000f1380000,0x00000000f34ffdb0,0x00000000f4400000)
 ParOldGen       total 357376K, used 74276K [0x0000000080000000, 0x0000000095d00000, 0x00000000d5580000)
  object space 357376K, 20% used [0x0000000080000000,0x00000000848890c8,0x0000000095d00000)
 Metaspace       used 93133K, capacity 97934K, committed 99352K, reserved 1134592K
  class space    used 12433K, capacity 13295K, committed 13616K, reserved 1048576K
GC Heap History (10 events):
Event: 6.775 GC heap after
Heap after GC invocations=11 (full 3):
 PSYoungGen      total 335872K, used 0K [0x00000000d5580000, 0x00000000ebb00000, 0x0000000100000000)
  eden space 317440K, 0% used [0x00000000d5580000,0x00000000d5580000,0x00000000e8b80000)
  from space 18432K, 0% used [0x00000000ea280000,0x00000000ea280000,0x00000000eb480000)
  to   space 23552K, 0% used [0x00000000e8b80000,0x00000000e8b80000,0x00000000ea280000)
 ParOldGen       total 217088K, used 35774K [0x0000000080000000, 0x000000008d400000, 0x00000000d5580000)
  object space 217088K, 16% used [0x0000000080000000,0x00000000822efa90,0x000000008d400000)
 Metaspace       used 56665K, capacity 58888K, committed 59160K, reserved 1099776K
  class space    used 7756K, capacity 8193K, committed 8240K, reserved 1048576K
}
Event: 9.542 GC heap before
{Heap before GC invocations=12 (full 3):
 PSYoungGen      total 335872K, used 317440K [0x00000000d5580000, 0x00000000ebb00000, 0x0000000100000000)
  eden space 317440K, 100% used [0x00000000d5580000,0x00000000e8b80000,0x00000000e8b80000)
  from space 18432K, 0% used [0x00000000ea280000,0x00000000ea280000,0x00000000eb480000)
  to   space 23552K, 0% used [0x00000000e8b80000,0x00000000e8b80000,0x00000000ea280000)
 ParOldGen       total 217088K, used 35774K [0x0000000080000000, 0x000000008d400000, 0x00000000d5580000)
  object space 217088K, 16% used [0x0000000080000000,0x00000000822efa90,0x000000008d400000)
 Metaspace       used 72392K, capacity 75982K, committed 76056K, reserved 1114112K
  class space    used 9838K, capacity 10531K, committed 10544K, reserved 1048576K
Event: 9.571 GC heap after
Heap after GC invocations=12 (full 3):
 PSYoungGen      total 340992K, used 23530K [0x00000000d5580000, 0x00000000f0880000, 0x0000000100000000)
  eden space 317440K, 0% used [0x00000000d5580000,0x00000000d5580000,0x00000000e8b80000)
  from space 23552K, 99% used [0x00000000e8b80000,0x00000000ea27a900,0x00000000ea280000)
  to   space 33280K, 0% used [0x00000000ee800000,0x00000000ee800000,0x00000000f0880000)
 ParOldGen       total 217088K, used 51451K [0x0000000080000000, 0x000000008d400000, 0x00000000d5580000)
  object space 217088K, 23% used [0x0000000080000000,0x000000008323ec20,0x000000008d400000)
 Metaspace       used 72392K, capacity 75982K, committed 76056K, reserved 1114112K
  class space    used 9838K, capacity 10531K, committed 10544K, reserved 1048576K
}
Event: 242.399 GC heap before
{Heap before GC invocations=13 (full 3):
 PSYoungGen      total 340992K, used 340970K [0x00000000d5580000, 0x00000000f0880000, 0x0000000100000000)
  eden space 317440K, 100% used [0x00000000d5580000,0x00000000e8b80000,0x00000000e8b80000)
  from space 23552K, 99% used [0x00000000e8b80000,0x00000000ea27a900,0x00000000ea280000)
  to   space 33280K, 0% used [0x00000000ee800000,0x00000000ee800000,0x00000000f0880000)
 ParOldGen       total 217088K, used 51451K [0x0000000080000000, 0x000000008d400000, 0x00000000d5580000)
  object space 217088K, 23% used [0x0000000080000000,0x000000008323ec20,0x000000008d400000)
 Metaspace       used 85299K, capacity 89798K, committed 90008K, reserved 1126400K
  class space    used 11580K, capacity 12407K, committed 12464K, reserved 1048576K
Event: 242.459 GC heap after
Heap after GC invocations=13 (full 3):
 PSYoungGen      total 394240K, used 33275K [0x00000000d5580000, 0x00000000f2080000, 0x0000000100000000)
  eden space 360960K, 0% used [0x00000000d5580000,0x00000000d5580000,0x00000000eb600000)
  from space 33280K, 99% used [0x00000000ee800000,0x00000000f087ef00,0x00000000f0880000)
  to   space 51200K, 0% used [0x00000000eb600000,0x00000000eb600000,0x00000000ee800000)
 ParOldGen       total 217088K, used 86636K [0x0000000080000000, 0x000000008d400000, 0x00000000d5580000)
  object space 217088K, 39% used [0x0000000080000000,0x000000008549b3c0,0x000000008d400000)
 Metaspace       used 85299K, capacity 89798K, committed 90008K, reserved 1126400K
  class space    used 11580K, capacity 12407K, committed 12464K, reserved 1048576K
}
Event: 711.355 GC heap before
{Heap before GC invocations=14 (full 3):
 PSYoungGen      total 394240K, used 386027K [0x00000000d5580000, 0x00000000f2080000, 0x0000000100000000)
  eden space 360960K, 97% used [0x00000000d5580000,0x00000000eadfbe08,0x00000000eb600000)
  from space 33280K, 99% used [0x00000000ee800000,0x00000000f087ef00,0x00000000f0880000)
  to   space 51200K, 0% used [0x00000000eb600000,0x00000000eb600000,0x00000000ee800000)
 ParOldGen       total 217088K, used 86636K [0x0000000080000000, 0x000000008d400000, 0x00000000d5580000)
  object space 217088K, 39% used [0x0000000080000000,0x000000008549b3c0,0x000000008d400000)
 Metaspace       used 93062K, capacity 98560K, committed 98584K, reserved 1134592K
  class space    used 12621K, capacity 13616K, committed 13616K, reserved 1048576K
Event: 711.407 GC heap after
Heap after GC invocations=14 (full 3):
 PSYoungGen      total 412160K, used 24852K [0x00000000d5580000, 0x00000000f4400000, 0x0000000100000000)
  eden space 360960K, 0% used [0x00000000d5580000,0x00000000d5580000,0x00000000eb600000)
  from space 51200K, 48% used [0x00000000eb600000,0x00000000ece45030,0x00000000ee800000)
  to   space 49664K, 0% used [0x00000000f1380000,0x00000000f1380000,0x00000000f4400000)
 ParOldGen       total 217088K, used 117875K [0x0000000080000000, 0x000000008d400000, 0x00000000d5580000)
  object space 217088K, 54% used [0x0000000080000000,0x000000008731cd78,0x000000008d400000)
 Metaspace       used 93062K, capacity 98560K, committed 98584K, reserved 1134592K
  class space    used 12621K, capacity 13616K, committed 13616K, reserved 1048576K
}
Event: 711.407 GC heap before
{Heap before GC invocations=15 (full 4):
 PSYoungGen      total 412160K, used 24852K [0x00000000d5580000, 0x00000000f4400000, 0x0000000100000000)
  eden space 360960K, 0% used [0x00000000d5580000,0x00000000d5580000,0x00000000eb600000)
  from space 51200K, 48% used [0x00000000eb600000,0x00000000ece45030,0x00000000ee800000)
  to   space 49664K, 0% used [0x00000000f1380000,0x00000000f1380000,0x00000000f4400000)
 ParOldGen       total 217088K, used 117875K [0x0000000080000000, 0x000000008d400000, 0x00000000d5580000)
  object space 217088K, 54% used [0x0000000080000000,0x000000008731cd78,0x000000008d400000)
 Metaspace       used 93062K, capacity 98560K, committed 98584K, reserved 1134592K
  class space    used 12621K, capacity 13616K, committed 13616K, reserved 1048576K
Event: 711.627 GC heap after
Heap after GC invocations=15 (full 4):
 PSYoungGen      total 412160K, used 0K [0x00000000d5580000, 0x00000000f4400000, 0x0000000100000000)
  eden space 360960K, 0% used [0x00000000d5580000,0x00000000d5580000,0x00000000eb600000)
  from space 51200K, 0% used [0x00000000eb600000,0x00000000eb600000,0x00000000ee800000)
  to   space 49664K, 0% used [0x00000000f1380000,0x00000000f1380000,0x00000000f4400000)
 ParOldGen       total 357376K, used 74268K [0x0000000080000000, 0x0000000095d00000, 0x00000000d5580000)
  object space 357376K, 20% used [0x0000000080000000,0x00000000848870c8,0x0000000095d00000)
 Metaspace       used 89583K, capacity 94036K, committed 98584K, reserved 1134592K
  class space    used 12038K, capacity 12872K, committed 13616K, reserved 1048576K
}
Event: 961.092 GC heap before
{Heap before GC invocations=16 (full 4):
 PSYoungGen      total 412160K, used 360960K [0x00000000d5580000, 0x00000000f4400000, 0x0000000100000000)
  eden space 360960K, 100% used [0x00000000d5580000,0x00000000eb600000,0x00000000eb600000)
  from space 51200K, 0% used [0x00000000eb600000,0x00000000eb600000,0x00000000ee800000)
  to   space 49664K, 0% used [0x00000000f1380000,0x00000000f1380000,0x00000000f4400000)
 ParOldGen       total 357376K, used 74268K [0x0000000080000000, 0x0000000095d00000, 0x00000000d5580000)
  object space 357376K, 20% used [0x0000000080000000,0x00000000848870c8,0x0000000095d00000)
 Metaspace       used 93133K, capacity 97934K, committed 99352K, reserved 1134592K
  class space    used 12433K, capacity 13295K, committed 13616K, reserved 1048576K

