# JRE version: OpenJDK Runtime Environment (8.0_242-b01) (build 1.8.0_242-release-1644-b01)
# Java VM: OpenJDK 64-Bit Server VM (25.242-b01 mixed mode windows-amd64 compressed oops)
Heap:
 PSYoungGen      total 377344K, used 246647K [0x00000000d5580000, 0x00000000f1880000, 0x0000000100000000)
  eden space 350720K, 67% used [0x00000000d5580000,0x00000000e3d127a0,0x00000000eac00000)
  from space 26624K, 35% used [0x00000000eac00000,0x00000000eb54b4e0,0x00000000ec600000)
  to   space 26112K, 0% used [0x00000000eff00000,0x00000000eff00000,0x00000000f1880000)
 ParOldGen       total 230400K, used 36183K [0x0000000080000000, 0x000000008e100000, 0x00000000d5580000)
  object space 230400K, 15% used [0x0000000080000000,0x0000000082355cc0,0x000000008e100000)
 Metaspace       used 74748K, capacity 78666K, committed 78872K, reserved 1118208K
  class space    used 10329K, capacity 11042K, committed 11056K, reserved 1048576K
GC Heap History (10 events):
Event: 6.916 GC heap before
{Heap before GC invocations=10 (full 2):
 PSYoungGen      total 223744K, used 140698K [0x00000000d5580000, 0x00000000ea080000, 0x0000000100000000)
  eden space 208896K, 60% used [0x00000000d5580000,0x00000000dd0682f0,0x00000000e2180000)
  from space 14848K, 99% used [0x00000000e2180000,0x00000000e2ffe530,0x00000000e3000000)
  to   space 17920K, 0% used [0x00000000e8f00000,0x00000000e8f00000,0x00000000ea080000)
 ParOldGen       total 152064K, used 16884K [0x0000000080000000, 0x0000000089480000, 0x00000000d5580000)
  object space 152064K, 11% used [0x0000000080000000,0x000000008107d380,0x0000000089480000)
 Metaspace       used 56718K, capacity 59044K, committed 59160K, reserved 1099776K
  class space    used 7769K, capacity 8217K, committed 8240K, reserved 1048576K
Event: 6.939 GC heap after
Heap after GC invocations=10 (full 2):
 PSYoungGen      total 315392K, used 17906K [0x00000000d5580000, 0x00000000ea880000, 0x0000000100000000)
  eden space 297472K, 0% used [0x00000000d5580000,0x00000000d5580000,0x00000000e7800000)
  from space 17920K, 99% used [0x00000000e8f00000,0x00000000ea07c8b8,0x00000000ea080000)
  to   space 23552K, 0% used [0x00000000e7800000,0x00000000e7800000,0x00000000e8f00000)
 ParOldGen       total 152064K, used 23359K [0x0000000080000000, 0x0000000089480000, 0x00000000d5580000)
  object space 152064K, 15% used [0x0000000080000000,0x00000000816cfe00,0x0000000089480000)
 Metaspace       used 56718K, capacity 59044K, committed 59160K, reserved 1099776K
  class space    used 7769K, capacity 8217K, committed 8240K, reserved 1048576K
}
Event: 6.939 GC heap before
{Heap before GC invocations=11 (full 3):
 PSYoungGen      total 315392K, used 17906K [0x00000000d5580000, 0x00000000ea880000, 0x0000000100000000)
  eden space 297472K, 0% used [0x00000000d5580000,0x00000000d5580000,0x00000000e7800000)
  from space 17920K, 99% used [0x00000000e8f00000,0x00000000ea07c8b8,0x00000000ea080000)
  to   space 23552K, 0% used [0x00000000e7800000,0x00000000e7800000,0x00000000e8f00000)
 ParOldGen       total 152064K, used 23359K [0x0000000080000000, 0x0000000089480000, 0x00000000d5580000)
  object space 152064K, 15% used [0x0000000080000000,0x00000000816cfe00,0x0000000089480000)
 Metaspace       used 56718K, capacity 59044K, committed 59160K, reserved 1099776K
  class space    used 7769K, capacity 8217K, committed 8240K, reserved 1048576K
Event: 7.145 GC heap after
Heap after GC invocations=11 (full 3):
 PSYoungGen      total 315392K, used 0K [0x00000000d5580000, 0x00000000ea880000, 0x0000000100000000)
  eden space 297472K, 0% used [0x00000000d5580000,0x00000000d5580000,0x00000000e7800000)
  from space 17920K, 0% used [0x00000000e8f00000,0x00000000e8f00000,0x00000000ea080000)
  to   space 23552K, 0% used [0x00000000e7800000,0x00000000e7800000,0x00000000e8f00000)
 ParOldGen       total 230400K, used 36095K [0x0000000080000000, 0x000000008e100000, 0x00000000d5580000)
  object space 230400K, 15% used [0x0000000080000000,0x000000008233fcb0,0x000000008e100000)
 Metaspace       used 56676K, capacity 58900K, committed 59160K, reserved 1099776K
  class space    used 7756K, capacity 8193K, committed 8240K, reserved 1048576K
}
Event: 8.696 GC heap before
{Heap before GC invocations=12 (full 3):
 PSYoungGen      total 315392K, used 297472K [0x00000000d5580000, 0x00000000ea880000, 0x0000000100000000)
  eden space 297472K, 100% used [0x00000000d5580000,0x00000000e7800000,0x00000000e7800000)
  from space 17920K, 0% used [0x00000000e8f00000,0x00000000e8f00000,0x00000000ea080000)
  to   space 23552K, 0% used [0x00000000e7800000,0x00000000e7800000,0x00000000e8f00000)
 ParOldGen       total 230400K, used 36095K [0x0000000080000000, 0x000000008e100000, 0x00000000d5580000)
  object space 230400K, 15% used [0x0000000080000000,0x000000008233fcb0,0x000000008e100000)
 Metaspace       used 63028K, capacity 65976K, committed 66200K, reserved 1105920K
  class space    used 8754K, capacity 9309K, committed 9392K, reserved 1048576K
Event: 8.712 GC heap after
Heap after GC invocations=12 (full 3):
 PSYoungGen      total 321024K, used 21623K [0x00000000d5580000, 0x00000000edf80000, 0x0000000100000000)
  eden space 297472K, 0% used [0x00000000d5580000,0x00000000d5580000,0x00000000e7800000)
  from space 23552K, 91% used [0x00000000e7800000,0x00000000e8d1ddf8,0x00000000e8f00000)
  to   space 26112K, 0% used [0x00000000ec600000,0x00000000ec600000,0x00000000edf80000)
 ParOldGen       total 230400K, used 36103K [0x0000000080000000, 0x000000008e100000, 0x00000000d5580000)
  object space 230400K, 15% used [0x0000000080000000,0x0000000082341cb0,0x000000008e100000)
 Metaspace       used 63028K, capacity 65976K, committed 66200K, reserved 1105920K
  class space    used 8754K, capacity 9309K, committed 9392K, reserved 1048576K
}
Event: 9.339 GC heap before
{Heap before GC invocations=13 (full 3):
 PSYoungGen      total 321024K, used 319095K [0x00000000d5580000, 0x00000000edf80000, 0x0000000100000000)
  eden space 297472K, 100% used [0x00000000d5580000,0x00000000e7800000,0x00000000e7800000)
  from space 23552K, 91% used [0x00000000e7800000,0x00000000e8d1ddf8,0x00000000e8f00000)
  to   space 26112K, 0% used [0x00000000ec600000,0x00000000ec600000,0x00000000edf80000)
 ParOldGen       total 230400K, used 36103K [0x0000000080000000, 0x000000008e100000, 0x00000000d5580000)
  object space 230400K, 15% used [0x0000000080000000,0x0000000082341cb0,0x000000008e100000)
 Metaspace       used 63608K, capacity 66488K, committed 66712K, reserved 1105920K
  class space    used 8800K, capacity 9373K, committed 9392K, reserved 1048576K
Event: 9.353 GC heap after
Heap after GC invocations=13 (full 3):
 PSYoungGen      total 376832K, used 18196K [0x00000000d5580000, 0x00000000ee400000, 0x0000000100000000)
  eden space 350720K, 0% used [0x00000000d5580000,0x00000000d5580000,0x00000000eac00000)
  from space 26112K, 69% used [0x00000000ec600000,0x00000000ed7c5200,0x00000000edf80000)
  to   space 26624K, 0% used [0x00000000eac00000,0x00000000eac00000,0x00000000ec600000)
 ParOldGen       total 230400K, used 36111K [0x0000000080000000, 0x000000008e100000, 0x00000000d5580000)
  object space 230400K, 15% used [0x0000000080000000,0x0000000082343cb0,0x000000008e100000)
 Metaspace       used 63608K, capacity 66488K, committed 66712K, reserved 1105920K
  class space    used 8800K, capacity 9373K, committed 9392K, reserved 1048576K
}
Event: 10.868 GC heap before
{Heap before GC invocations=14 (full 3):
 PSYoungGen      total 376832K, used 368916K [0x00000000d5580000, 0x00000000ee400000, 0x0000000100000000)
  eden space 350720K, 100% used [0x00000000d5580000,0x00000000eac00000,0x00000000eac00000)
  from space 26112K, 69% used [0x00000000ec600000,0x00000000ed7c5200,0x00000000edf80000)
  to   space 26624K, 0% used [0x00000000eac00000,0x00000000eac00000,0x00000000ec600000)
 ParOldGen       total 230400K, used 36111K [0x0000000080000000, 0x000000008e100000, 0x00000000d5580000)
  object space 230400K, 15% used [0x0000000080000000,0x0000000082343cb0,0x000000008e100000)
 Metaspace       used 64663K, capacity 67844K, committed 67864K, reserved 1107968K
  class space    used 8925K, capacity 9503K, committed 9520K, reserved 1048576K
Event: 10.877 GC heap after
Heap after GC invocations=14 (full 3):
 PSYoungGen      total 377344K, used 9517K [0x00000000d5580000, 0x00000000f1880000, 0x0000000100000000)
  eden space 350720K, 0% used [0x00000000d5580000,0x00000000d5580000,0x00000000eac00000)
  from space 26624K, 35% used [0x00000000eac00000,0x00000000eb54b4e0,0x00000000ec600000)
  to   space 26112K, 0% used [0x00000000eff00000,0x00000000eff00000,0x00000000f1880000)
 ParOldGen       total 230400K, used 36183K [0x0000000080000000, 0x000000008e100000, 0x00000000d5580000)
  object space 230400K, 15% used [0x0000000080000000,0x0000000082355cc0,0x000000008e100000)
 Metaspace       used 64663K, capacity 67844K, committed 67864K, reserved 1107968K
  class space    used 8925K, capacity 9503K, committed 9520K, reserved 1048576K
}

