# JRE version: OpenJDK Runtime Environment (8.0_242-b01) (build 1.8.0_242-release-1644-b01)
# Java VM: OpenJDK 64-Bit Server VM (25.242-b01 mixed mode windows-amd64 compressed oops)
Heap:
 PSYoungGen      total 390144K, used 372880K [0x00000000d5580000, 0x00000000f1100000, 0x0000000100000000)
  eden space 344064K, 100% used [0x00000000d5580000,0x00000000ea580000,0x00000000ea580000)
  from space 46080K, 62% used [0x00000000ea580000,0x00000000ec1a4350,0x00000000ed280000)
  to   space 46592K, 99% used [0x00000000ee380000,0x00000000f10f26c0,0x00000000f1100000)
 ParOldGen       total 309248K, used 58328K [0x0000000080000000, 0x0000000092e00000, 0x00000000d5580000)
  object space 309248K, 18% used [0x0000000080000000,0x00000000838f6140,0x0000000092e00000)
 Metaspace       used 117204K, capacity 124040K, committed 124056K, reserved 1157120K
  class space    used 15167K, capacity 16547K, committed 16560K, reserved 1048576K
GC Heap History (10 events):
Event: 627.444 GC heap after
Heap after GC invocations=19 (full 4):
 PSYoungGen      total 311808K, used 24689K [0x00000000d5580000, 0x00000000ed900000, 0x0000000100000000)
  eden space 282112K, 0% used [0x00000000d5580000,0x00000000d5580000,0x00000000e6900000)
  from space 29696K, 83% used [0x00000000e6900000,0x00000000e811c5e8,0x00000000e8600000)
  to   space 32256K, 0% used [0x00000000eb980000,0x00000000eb980000,0x00000000ed900000)
 ParOldGen       total 309248K, used 56270K [0x0000000080000000, 0x0000000092e00000, 0x00000000d5580000)
  object space 309248K, 18% used [0x0000000080000000,0x00000000836f3848,0x0000000092e00000)
 Metaspace       used 102904K, capacity 107862K, committed 108568K, reserved 1142784K
  class space    used 13728K, capacity 14699K, committed 14896K, reserved 1048576K
}
Event: 668.389 GC heap before
{Heap before GC invocations=20 (full 4):
 PSYoungGen      total 311808K, used 306801K [0x00000000d5580000, 0x00000000ed900000, 0x0000000100000000)
  eden space 282112K, 100% used [0x00000000d5580000,0x00000000e6900000,0x00000000e6900000)
  from space 29696K, 83% used [0x00000000e6900000,0x00000000e811c5e8,0x00000000e8600000)
  to   space 32256K, 0% used [0x00000000eb980000,0x00000000eb980000,0x00000000ed900000)
 ParOldGen       total 309248K, used 56270K [0x0000000080000000, 0x0000000092e00000, 0x00000000d5580000)
  object space 309248K, 18% used [0x0000000080000000,0x00000000836f3848,0x0000000092e00000)
 Metaspace       used 109534K, capacity 115106K, committed 115224K, reserved 1148928K
  class space    used 14534K, capacity 15645K, committed 15664K, reserved 1048576K
Event: 668.413 GC heap after
Heap after GC invocations=20 (full 4):
 PSYoungGen      total 355840K, used 32247K [0x00000000d5580000, 0x00000000eda80000, 0x0000000100000000)
  eden space 323584K, 0% used [0x00000000d5580000,0x00000000d5580000,0x00000000e9180000)
  from space 32256K, 99% used [0x00000000eb980000,0x00000000ed8fdf78,0x00000000ed900000)
  to   space 37376K, 0% used [0x00000000e9180000,0x00000000e9180000,0x00000000eb600000)
 ParOldGen       total 309248K, used 58296K [0x0000000080000000, 0x0000000092e00000, 0x00000000d5580000)
  object space 309248K, 18% used [0x0000000080000000,0x00000000838ee140,0x0000000092e00000)
 Metaspace       used 109534K, capacity 115106K, committed 115224K, reserved 1148928K
  class space    used 14534K, capacity 15645K, committed 15664K, reserved 1048576K
}
Event: 855.542 GC heap before
{Heap before GC invocations=21 (full 4):
 PSYoungGen      total 355840K, used 355831K [0x00000000d5580000, 0x00000000eda80000, 0x0000000100000000)
  eden space 323584K, 100% used [0x00000000d5580000,0x00000000e9180000,0x00000000e9180000)
  from space 32256K, 99% used [0x00000000eb980000,0x00000000ed8fdf78,0x00000000ed900000)
  to   space 37376K, 0% used [0x00000000e9180000,0x00000000e9180000,0x00000000eb600000)
 ParOldGen       total 309248K, used 58296K [0x0000000080000000, 0x0000000092e00000, 0x00000000d5580000)
  object space 309248K, 18% used [0x0000000080000000,0x00000000838ee140,0x0000000092e00000)
 Metaspace       used 111348K, capacity 117102K, committed 117144K, reserved 1150976K
  class space    used 14627K, capacity 15781K, committed 15792K, reserved 1048576K
Event: 855.579 GC heap after
Heap after GC invocations=21 (full 4):
 PSYoungGen      total 360960K, used 33136K [0x00000000d5580000, 0x00000000efa80000, 0x0000000100000000)
  eden space 323584K, 0% used [0x00000000d5580000,0x00000000d5580000,0x00000000e9180000)
  from space 37376K, 88% used [0x00000000e9180000,0x00000000eb1dc220,0x00000000eb600000)
  to   space 40960K, 0% used [0x00000000ed280000,0x00000000ed280000,0x00000000efa80000)
 ParOldGen       total 309248K, used 58304K [0x0000000080000000, 0x0000000092e00000, 0x00000000d5580000)
  object space 309248K, 18% used [0x0000000080000000,0x00000000838f0140,0x0000000092e00000)
 Metaspace       used 111348K, capacity 117102K, committed 117144K, reserved 1150976K
  class space    used 14627K, capacity 15781K, committed 15792K, reserved 1048576K
}
Event: 1773.222 GC heap before
{Heap before GC invocations=22 (full 4):
 PSYoungGen      total 360960K, used 356720K [0x00000000d5580000, 0x00000000efa80000, 0x0000000100000000)
  eden space 323584K, 100% used [0x00000000d5580000,0x00000000e9180000,0x00000000e9180000)
  from space 37376K, 88% used [0x00000000e9180000,0x00000000eb1dc220,0x00000000eb600000)
  to   space 40960K, 0% used [0x00000000ed280000,0x00000000ed280000,0x00000000efa80000)
 ParOldGen       total 309248K, used 58304K [0x0000000080000000, 0x0000000092e00000, 0x00000000d5580000)
  object space 309248K, 18% used [0x0000000080000000,0x00000000838f0140,0x0000000092e00000)
 Metaspace       used 112926K, capacity 119126K, committed 119192K, reserved 1153024K
  class space    used 14749K, capacity 15989K, committed 16048K, reserved 1048576K
Event: 1773.268 GC heap after
Heap after GC invocations=22 (full 4):
 PSYoungGen      total 385024K, used 38497K [0x00000000d5580000, 0x00000000eff80000, 0x0000000100000000)
  eden space 344064K, 0% used [0x00000000d5580000,0x00000000d5580000,0x00000000ea580000)
  from space 40960K, 93% used [0x00000000ed280000,0x00000000ef818548,0x00000000efa80000)
  to   space 46080K, 0% used [0x00000000ea580000,0x00000000ea580000,0x00000000ed280000)
 ParOldGen       total 309248K, used 58312K [0x0000000080000000, 0x0000000092e00000, 0x00000000d5580000)
  object space 309248K, 18% used [0x0000000080000000,0x00000000838f2140,0x0000000092e00000)
 Metaspace       used 112926K, capacity 119126K, committed 119192K, reserved 1153024K
  class space    used 14749K, capacity 15989K, committed 16048K, reserved 1048576K
}
Event: 2062.304 GC heap before
{Heap before GC invocations=23 (full 4):
 PSYoungGen      total 385024K, used 382561K [0x00000000d5580000, 0x00000000eff80000, 0x0000000100000000)
  eden space 344064K, 100% used [0x00000000d5580000,0x00000000ea580000,0x00000000ea580000)
  from space 40960K, 93% used [0x00000000ed280000,0x00000000ef818548,0x00000000efa80000)
  to   space 46080K, 0% used [0x00000000ea580000,0x00000000ea580000,0x00000000ed280000)
 ParOldGen       total 309248K, used 58312K [0x0000000080000000, 0x0000000092e00000, 0x00000000d5580000)
  object space 309248K, 18% used [0x0000000080000000,0x00000000838f2140,0x0000000092e00000)
 Metaspace       used 113747K, capacity 120080K, committed 120216K, reserved 1153024K
  class space    used 14775K, capacity 16036K, committed 16048K, reserved 1048576K
Event: 2062.331 GC heap after
Heap after GC invocations=23 (full 4):
 PSYoungGen      total 390144K, used 28816K [0x00000000d5580000, 0x00000000f1100000, 0x0000000100000000)
  eden space 344064K, 0% used [0x00000000d5580000,0x00000000d5580000,0x00000000ea580000)
  from space 46080K, 62% used [0x00000000ea580000,0x00000000ec1a4350,0x00000000ed280000)
  to   space 46592K, 0% used [0x00000000ee380000,0x00000000ee380000,0x00000000f1100000)
 ParOldGen       total 309248K, used 58320K [0x0000000080000000, 0x0000000092e00000, 0x00000000d5580000)
  object space 309248K, 18% used [0x0000000080000000,0x00000000838f4140,0x0000000092e00000)
 Metaspace       used 113747K, capacity 120080K, committed 120216K, reserved 1153024K
  class space    used 14775K, capacity 16036K, committed 16048K, reserved 1048576K
}
Event: 2938.625 GC heap before
{Heap before GC invocations=24 (full 4):
 PSYoungGen      total 390144K, used 372880K [0x00000000d5580000, 0x00000000f1100000, 0x0000000100000000)
  eden space 344064K, 100% used [0x00000000d5580000,0x00000000ea580000,0x00000000ea580000)
  from space 46080K, 62% used [0x00000000ea580000,0x00000000ec1a4350,0x00000000ed280000)
  to   space 46592K, 0% used [0x00000000ee380000,0x00000000ee380000,0x00000000f1100000)
 ParOldGen       total 309248K, used 58320K [0x0000000080000000, 0x0000000092e00000, 0x00000000d5580000)
  object space 309248K, 18% used [0x0000000080000000,0x00000000838f4140,0x0000000092e00000)
 Metaspace       used 117204K, capacity 124040K, committed 124056K, reserved 1157120K
  class space    used 15167K, capacity 16547K, committed 16560K, reserved 1048576K

