# JRE version: OpenJDK Runtime Environment (8.0_242-b01) (build 1.8.0_242-release-1644-b01)
# Java VM: OpenJDK 64-Bit Server VM (25.242-b01 mixed mode windows-amd64 compressed oops)
Heap:
 PSYoungGen      total 564224K, used 303570K [0x00000000d5580000, 0x0000000100000000, 0x0000000100000000)
  eden space 429568K, 39% used [0x00000000d5580000,0x00000000dfa7c6f8,0x00000000ef900000)
  from space 134656K, 99% used [0x00000000ef900000,0x00000000f7c784d8,0x00000000f7c80000)
  to   space 134656K, 0% used [0x00000000f7c80000,0x00000000f7c80000,0x0000000100000000)
 ParOldGen       total 355840K, used 226792K [0x0000000080000000, 0x0000000095b80000, 0x00000000d5580000)
  object space 355840K, 63% used [0x0000000080000000,0x000000008dd7a370,0x0000000095b80000)
 Metaspace       used 127581K, capacity 135442K, committed 135704K, reserved 1167360K
  class space    used 16707K, capacity 18163K, committed 18224K, reserved 1048576K
GC Heap History (10 events):
Event: 399.411 GC heap before
{Heap before GC invocations=19 (full 4):
 PSYoungGen      total 519680K, used 519651K [0x00000000d5580000, 0x00000000fc100000, 0x0000000100000000)
  eden space 450560K, 100% used [0x00000000d5580000,0x00000000f0d80000,0x00000000f0d80000)
  from space 69120K, 99% used [0x00000000f6300000,0x00000000fa678fb0,0x00000000fa680000)
  to   space 87552K, 0% used [0x00000000f0d80000,0x00000000f0d80000,0x00000000f6300000)
 ParOldGen       total 355840K, used 89799K [0x0000000080000000, 0x0000000095b80000, 0x00000000d5580000)
  object space 355840K, 25% used [0x0000000080000000,0x00000000857b1eb8,0x0000000095b80000)
 Metaspace       used 104797K, capacity 111036K, committed 111256K, reserved 1144832K
  class space    used 13874K, capacity 14904K, committed 15024K, reserved 1048576K
Event: 399.474 GC heap after
Heap after GC invocations=19 (full 4):
 PSYoungGen      total 538112K, used 82738K [0x00000000d5580000, 0x00000000ff400000, 0x0000000100000000)
  eden space 450560K, 0% used [0x00000000d5580000,0x00000000d5580000,0x00000000f0d80000)
  from space 87552K, 94% used [0x00000000f0d80000,0x00000000f5e4c800,0x00000000f6300000)
  to   space 100352K, 0% used [0x00000000f9200000,0x00000000f9200000,0x00000000ff400000)
 ParOldGen       total 355840K, used 121731K [0x0000000080000000, 0x0000000095b80000, 0x00000000d5580000)
  object space 355840K, 34% used [0x0000000080000000,0x00000000876e0ee0,0x0000000095b80000)
 Metaspace       used 104797K, capacity 111036K, committed 111256K, reserved 1144832K
  class space    used 13874K, capacity 14904K, committed 15024K, reserved 1048576K
}
Event: 464.627 GC heap before
{Heap before GC invocations=20 (full 4):
 PSYoungGen      total 538112K, used 533298K [0x00000000d5580000, 0x00000000ff400000, 0x0000000100000000)
  eden space 450560K, 100% used [0x00000000d5580000,0x00000000f0d80000,0x00000000f0d80000)
  from space 87552K, 94% used [0x00000000f0d80000,0x00000000f5e4c800,0x00000000f6300000)
  to   space 100352K, 0% used [0x00000000f9200000,0x00000000f9200000,0x00000000ff400000)
 ParOldGen       total 355840K, used 121731K [0x0000000080000000, 0x0000000095b80000, 0x00000000d5580000)
  object space 355840K, 34% used [0x0000000080000000,0x00000000876e0ee0,0x0000000095b80000)
 Metaspace       used 108104K, capacity 114514K, committed 114712K, reserved 1148928K
  class space    used 14228K, capacity 15299K, committed 15408K, reserved 1048576K
Event: 464.693 GC heap after
Heap after GC invocations=20 (full 4):
 PSYoungGen      total 557568K, used 100348K [0x00000000d5580000, 0x0000000100000000, 0x0000000100000000)
  eden space 457216K, 0% used [0x00000000d5580000,0x00000000d5580000,0x00000000f1400000)
  from space 100352K, 99% used [0x00000000f9200000,0x00000000ff3ff280,0x00000000ff400000)
  to   space 120832K, 0% used [0x00000000f1400000,0x00000000f1400000,0x00000000f8a00000)
 ParOldGen       total 355840K, used 130795K [0x0000000080000000, 0x0000000095b80000, 0x00000000d5580000)
  object space 355840K, 36% used [0x0000000080000000,0x0000000087fbacf0,0x0000000095b80000)
 Metaspace       used 108104K, capacity 114514K, committed 114712K, reserved 1148928K
  class space    used 14228K, capacity 15299K, committed 15408K, reserved 1048576K
}
Event: 1485.659 GC heap before
{Heap before GC invocations=21 (full 4):
 PSYoungGen      total 557568K, used 557564K [0x00000000d5580000, 0x0000000100000000, 0x0000000100000000)
  eden space 457216K, 100% used [0x00000000d5580000,0x00000000f1400000,0x00000000f1400000)
  from space 100352K, 99% used [0x00000000f9200000,0x00000000ff3ff280,0x00000000ff400000)
  to   space 120832K, 0% used [0x00000000f1400000,0x00000000f1400000,0x00000000f8a00000)
 ParOldGen       total 355840K, used 130795K [0x0000000080000000, 0x0000000095b80000, 0x00000000d5580000)
  object space 355840K, 36% used [0x0000000080000000,0x0000000087fbacf0,0x0000000095b80000)
 Metaspace       used 122423K, capacity 129798K, committed 129944K, reserved 1161216K
  class space    used 16157K, capacity 17515K, committed 17584K, reserved 1048576K
Event: 1485.797 GC heap after
Heap after GC invocations=21 (full 4):
 PSYoungGen      total 533504K, used 75909K [0x00000000d5580000, 0x0000000100000000, 0x0000000100000000)
  eden space 457216K, 0% used [0x00000000d5580000,0x00000000d5580000,0x00000000f1400000)
  from space 76288K, 99% used [0x00000000f1400000,0x00000000f5e216d8,0x00000000f5e80000)
  to   space 124928K, 0% used [0x00000000f8600000,0x00000000f8600000,0x0000000100000000)
 ParOldGen       total 355840K, used 192049K [0x0000000080000000, 0x0000000095b80000, 0x00000000d5580000)
  object space 355840K, 53% used [0x0000000080000000,0x000000008bb8c608,0x0000000095b80000)
 Metaspace       used 122423K, capacity 129798K, committed 129944K, reserved 1161216K
  class space    used 16157K, capacity 17515K, committed 17584K, reserved 1048576K
}
Event: 2194.359 GC heap before
{Heap before GC invocations=22 (full 4):
 PSYoungGen      total 533504K, used 533125K [0x00000000d5580000, 0x0000000100000000, 0x0000000100000000)
  eden space 457216K, 100% used [0x00000000d5580000,0x00000000f1400000,0x00000000f1400000)
  from space 76288K, 99% used [0x00000000f1400000,0x00000000f5e216d8,0x00000000f5e80000)
  to   space 124928K, 0% used [0x00000000f8600000,0x00000000f8600000,0x0000000100000000)
 ParOldGen       total 355840K, used 192049K [0x0000000080000000, 0x0000000095b80000, 0x00000000d5580000)
  object space 355840K, 53% used [0x0000000080000000,0x000000008bb8c608,0x0000000095b80000)
 Metaspace       used 127075K, capacity 134942K, committed 135192K, reserved 1167360K
  class space    used 16698K, capacity 18155K, committed 18224K, reserved 1048576K
Event: 2194.419 GC heap after
Heap after GC invocations=22 (full 4):
 PSYoungGen      total 554496K, used 95026K [0x00000000d5580000, 0x0000000100000000, 0x0000000100000000)
  eden space 429568K, 0% used [0x00000000d5580000,0x00000000d5580000,0x00000000ef900000)
  from space 124928K, 76% used [0x00000000f8600000,0x00000000fe2ccb48,0x0000000100000000)
  to   space 134656K, 0% used [0x00000000ef900000,0x00000000ef900000,0x00000000f7c80000)
 ParOldGen       total 355840K, used 192057K [0x0000000080000000, 0x0000000095b80000, 0x00000000d5580000)
  object space 355840K, 53% used [0x0000000080000000,0x000000008bb8e608,0x0000000095b80000)
 Metaspace       used 127075K, capacity 134942K, committed 135192K, reserved 1167360K
  class space    used 16698K, capacity 18155K, committed 18224K, reserved 1048576K
}
Event: 2196.075 GC heap before
{Heap before GC invocations=23 (full 4):
 PSYoungGen      total 554496K, used 524454K [0x00000000d5580000, 0x0000000100000000, 0x0000000100000000)
  eden space 429568K, 99% used [0x00000000d5580000,0x00000000ef8dce78,0x00000000ef900000)
  from space 124928K, 76% used [0x00000000f8600000,0x00000000fe2ccb48,0x0000000100000000)
  to   space 134656K, 0% used [0x00000000ef900000,0x00000000ef900000,0x00000000f7c80000)
 ParOldGen       total 355840K, used 192057K [0x0000000080000000, 0x0000000095b80000, 0x00000000d5580000)
  object space 355840K, 53% used [0x0000000080000000,0x000000008bb8e608,0x0000000095b80000)
 Metaspace       used 127507K, capacity 135372K, committed 135704K, reserved 1167360K
  class space    used 16706K, capacity 18162K, committed 18224K, reserved 1048576K
Event: 2196.176 GC heap after
Heap after GC invocations=23 (full 4):
 PSYoungGen      total 564224K, used 134625K [0x00000000d5580000, 0x0000000100000000, 0x0000000100000000)
  eden space 429568K, 0% used [0x00000000d5580000,0x00000000d5580000,0x00000000ef900000)
  from space 134656K, 99% used [0x00000000ef900000,0x00000000f7c784d8,0x00000000f7c80000)
  to   space 134656K, 0% used [0x00000000f7c80000,0x00000000f7c80000,0x0000000100000000)
 ParOldGen       total 355840K, used 226792K [0x0000000080000000, 0x0000000095b80000, 0x00000000d5580000)
  object space 355840K, 63% used [0x0000000080000000,0x000000008dd7a370,0x0000000095b80000)
 Metaspace       used 127507K, capacity 135372K, committed 135704K, reserved 1167360K
  class space    used 16706K, capacity 18162K, committed 18224K, reserved 1048576K
}

