# JRE version: OpenJDK Runtime Environment (8.0_242-b01) (build 1.8.0_242-release-1644-b01)
# Java VM: OpenJDK 64-Bit Server VM (25.242-b01 mixed mode windows-amd64 compressed oops)
Heap:
 PSYoungGen      total 483328K, used 72184K [0x00000000d5580000, 0x00000000f9b00000, 0x0000000100000000)
  eden space 410112K, 0% used [0x00000000d5580000,0x00000000d5580000,0x00000000ee600000)
  from space 73216K, 98% used [0x00000000f3980000,0x00000000f7ffe348,0x00000000f8100000)
  to   space 85504K, 0% used [0x00000000ee600000,0x00000000ee600000,0x00000000f3980000)
 ParOldGen       total 219648K, used 155660K [0x0000000080000000, 0x000000008d680000, 0x00000000d5580000)
  object space 219648K, 70% used [0x0000000080000000,0x0000000089803180,0x000000008d680000)
 Metaspace       used 93552K, capacity 98466K, committed 98584K, reserved 1134592K
  class space    used 12636K, capacity 13523K, committed 13616K, reserved 1048576K
GC Heap History (10 events):
Event: 6.733 GC heap after
Heap after GC invocations=11 (full 3):
 PSYoungGen      total 330240K, used 0K [0x00000000d5580000, 0x00000000eb400000, 0x0000000100000000)
  eden space 311808K, 0% used [0x00000000d5580000,0x00000000d5580000,0x00000000e8600000)
  from space 18432K, 0% used [0x00000000e9d80000,0x00000000e9d80000,0x00000000eaf80000)
  to   space 23552K, 0% used [0x00000000e8600000,0x00000000e8600000,0x00000000e9d00000)
 ParOldGen       total 219648K, used 35993K [0x0000000080000000, 0x000000008d680000, 0x00000000d5580000)
  object space 219648K, 16% used [0x0000000080000000,0x0000000082326510,0x000000008d680000)
 Metaspace       used 56666K, capacity 58892K, committed 59160K, reserved 1099776K
  class space    used 7756K, capacity 8193K, committed 8240K, reserved 1048576K
}
Event: 10.348 GC heap before
{Heap before GC invocations=12 (full 3):
 PSYoungGen      total 330240K, used 311808K [0x00000000d5580000, 0x00000000eb400000, 0x0000000100000000)
  eden space 311808K, 100% used [0x00000000d5580000,0x00000000e8600000,0x00000000e8600000)
  from space 18432K, 0% used [0x00000000e9d80000,0x00000000e9d80000,0x00000000eaf80000)
  to   space 23552K, 0% used [0x00000000e8600000,0x00000000e8600000,0x00000000e9d00000)
 ParOldGen       total 219648K, used 35993K [0x0000000080000000, 0x000000008d680000, 0x00000000d5580000)
  object space 219648K, 16% used [0x0000000080000000,0x0000000082326510,0x000000008d680000)
 Metaspace       used 66145K, capacity 69492K, committed 69656K, reserved 1110016K
  class space    used 9064K, capacity 9697K, committed 9776K, reserved 1048576K
Event: 10.369 GC heap after
Heap after GC invocations=12 (full 3):
 PSYoungGen      total 335360K, used 18508K [0x00000000d5580000, 0x00000000eef00000, 0x0000000100000000)
  eden space 311808K, 0% used [0x00000000d5580000,0x00000000d5580000,0x00000000e8600000)
  from space 23552K, 78% used [0x00000000e8600000,0x00000000e98131a8,0x00000000e9d00000)
  to   space 25088K, 0% used [0x00000000ed680000,0x00000000ed680000,0x00000000eef00000)
 ParOldGen       total 219648K, used 36001K [0x0000000080000000, 0x000000008d680000, 0x00000000d5580000)
  object space 219648K, 16% used [0x0000000080000000,0x0000000082328510,0x000000008d680000)
 Metaspace       used 66145K, capacity 69492K, committed 69656K, reserved 1110016K
  class space    used 9064K, capacity 9697K, committed 9776K, reserved 1048576K
}
Event: 12.393 GC heap before
{Heap before GC invocations=13 (full 3):
 PSYoungGen      total 335360K, used 330316K [0x00000000d5580000, 0x00000000eef00000, 0x0000000100000000)
  eden space 311808K, 100% used [0x00000000d5580000,0x00000000e8600000,0x00000000e8600000)
  from space 23552K, 78% used [0x00000000e8600000,0x00000000e98131a8,0x00000000e9d00000)
  to   space 25088K, 0% used [0x00000000ed680000,0x00000000ed680000,0x00000000eef00000)
 ParOldGen       total 219648K, used 36001K [0x0000000080000000, 0x000000008d680000, 0x00000000d5580000)
  object space 219648K, 16% used [0x0000000080000000,0x0000000082328510,0x000000008d680000)
 Metaspace       used 78753K, capacity 83164K, committed 83352K, reserved 1120256K
  class space    used 10820K, capacity 11617K, committed 11696K, reserved 1048576K
Event: 12.471 GC heap after
Heap after GC invocations=13 (full 3):
 PSYoungGen      total 368640K, used 25080K [0x00000000d5580000, 0x00000000f2b80000, 0x0000000100000000)
  eden space 343552K, 0% used [0x00000000d5580000,0x00000000d5580000,0x00000000ea500000)
  from space 25088K, 99% used [0x00000000ed680000,0x00000000eeefe238,0x00000000eef00000)
  to   space 50688K, 0% used [0x00000000ea500000,0x00000000ea500000,0x00000000ed680000)
 ParOldGen       total 219648K, used 96432K [0x0000000080000000, 0x000000008d680000, 0x00000000d5580000)
  object space 219648K, 43% used [0x0000000080000000,0x0000000085e2c110,0x000000008d680000)
 Metaspace       used 78753K, capacity 83164K, committed 83352K, reserved 1120256K
  class space    used 10820K, capacity 11617K, committed 11696K, reserved 1048576K
}
Event: 14.461 GC heap before
{Heap before GC invocations=14 (full 3):
 PSYoungGen      total 368640K, used 368619K [0x00000000d5580000, 0x00000000f2b80000, 0x0000000100000000)
  eden space 343552K, 99% used [0x00000000d5580000,0x00000000ea4fcd08,0x00000000ea500000)
  from space 25088K, 99% used [0x00000000ed680000,0x00000000eeefe238,0x00000000eef00000)
  to   space 50688K, 0% used [0x00000000ea500000,0x00000000ea500000,0x00000000ed680000)
 ParOldGen       total 219648K, used 96432K [0x0000000080000000, 0x000000008d680000, 0x00000000d5580000)
  object space 219648K, 43% used [0x0000000080000000,0x0000000085e2c110,0x000000008d680000)
 Metaspace       used 81602K, capacity 86090K, committed 86168K, reserved 1124352K
  class space    used 11094K, capacity 11906K, committed 11952K, reserved 1048576K
Event: 14.520 GC heap after
Heap after GC invocations=14 (full 3):
 PSYoungGen      total 394240K, used 50672K [0x00000000d5580000, 0x00000000f8100000, 0x0000000100000000)
  eden space 343552K, 0% used [0x00000000d5580000,0x00000000d5580000,0x00000000ea500000)
  from space 50688K, 99% used [0x00000000ea500000,0x00000000ed67c0b8,0x00000000ed680000)
  to   space 73216K, 0% used [0x00000000f3980000,0x00000000f3980000,0x00000000f8100000)
 ParOldGen       total 219648K, used 134735K [0x0000000080000000, 0x000000008d680000, 0x00000000d5580000)
  object space 219648K, 61% used [0x0000000080000000,0x0000000088393ed8,0x000000008d680000)
 Metaspace       used 81602K, capacity 86090K, committed 86168K, reserved 1124352K
  class space    used 11094K, capacity 11906K, committed 11952K, reserved 1048576K
}
Event: 17.480 GC heap before
{Heap before GC invocations=15 (full 3):
 PSYoungGen      total 394240K, used 392597K [0x00000000d5580000, 0x00000000f8100000, 0x0000000100000000)
  eden space 343552K, 99% used [0x00000000d5580000,0x00000000ea3696a8,0x00000000ea500000)
  from space 50688K, 99% used [0x00000000ea500000,0x00000000ed67c0b8,0x00000000ed680000)
  to   space 73216K, 0% used [0x00000000f3980000,0x00000000f3980000,0x00000000f8100000)
 ParOldGen       total 219648K, used 134735K [0x0000000080000000, 0x000000008d680000, 0x00000000d5580000)
  object space 219648K, 61% used [0x0000000080000000,0x0000000088393ed8,0x000000008d680000)
 Metaspace       used 93552K, capacity 98466K, committed 98584K, reserved 1134592K
  class space    used 12636K, capacity 13523K, committed 13616K, reserved 1048576K
Event: 17.565 GC heap after
Heap after GC invocations=15 (full 3):
 PSYoungGen      total 483328K, used 72184K [0x00000000d5580000, 0x00000000f9b00000, 0x0000000100000000)
  eden space 410112K, 0% used [0x00000000d5580000,0x00000000d5580000,0x00000000ee600000)
  from space 73216K, 98% used [0x00000000f3980000,0x00000000f7ffe348,0x00000000f8100000)
  to   space 85504K, 0% used [0x00000000ee600000,0x00000000ee600000,0x00000000f3980000)
 ParOldGen       total 219648K, used 155660K [0x0000000080000000, 0x000000008d680000, 0x00000000d5580000)
  object space 219648K, 70% used [0x0000000080000000,0x0000000089803180,0x000000008d680000)
 Metaspace       used 93552K, capacity 98466K, committed 98584K, reserved 1134592K
  class space    used 12636K, capacity 13523K, committed 13616K, reserved 1048576K
}
Event: 17.565 GC heap before
{Heap before GC invocations=16 (full 4):
 PSYoungGen      total 483328K, used 72184K [0x00000000d5580000, 0x00000000f9b00000, 0x0000000100000000)
  eden space 410112K, 0% used [0x00000000d5580000,0x00000000d5580000,0x00000000ee600000)
  from space 73216K, 98% used [0x00000000f3980000,0x00000000f7ffe348,0x00000000f8100000)
  to   space 85504K, 0% used [0x00000000ee600000,0x00000000ee600000,0x00000000f3980000)
 ParOldGen       total 219648K, used 155660K [0x0000000080000000, 0x000000008d680000, 0x00000000d5580000)
  object space 219648K, 70% used [0x0000000080000000,0x0000000089803180,0x000000008d680000)
 Metaspace       used 93552K, capacity 98466K, committed 98584K, reserved 1134592K
  class space    used 12636K, capacity 13523K, committed 13616K, reserved 1048576K

